-------------------------------------------------------------------------------
Test set: TestSuite
-------------------------------------------------------------------------------
Tests run: 127, Failures: 1, Errors: 0, Skipped: 0, Time elapsed: 226.937 s <<< FAILURE! - in TestSuite
runScenario(testrunners.testRunner)  Time elapsed: 2.754 s  <<< FAILURE!
java.lang.AssertionError: Title do not match expected [NumpyNinja] but found [Registration]

