<?xml version="1.0" encoding="UTF-8"?>
<testsuite xmlns:xsi="http://www.w3.org/2001/XMLSchema-instance" xsi:noNamespaceSchemaLocation="https://maven.apache.org/surefire/maven-surefire-plugin/xsd/surefire-test-report.xsd" name="TestSuite" time="226.937" tests="127" errors="0" skipped="0" failures="1">
  <properties>
[...]
</properties>
  <testcase name="runScenario" classname="testrunners.testRunner" time="13.779"/>
  <testcase name="runScenario" classname="testrunners.testRunner" time="3.273"/>
  <testcase name="runScenario" classname="testrunners.testRunner" time="2.533"/>
  <testcase name="runScenario" classname="testrunners.testRunner" time="2.463"/>
  <testcase name="runScenario" classname="testrunners.testRunner" time="2.566"/>
  <testcase name="runScenario" classname="testrunners.testRunner" time="2.512"/>
  <testcase name="runScenario" classname="testrunners.testRunner" time="2.486"/>
  <testcase name="runScenario" classname="testrunners.testRunner" time="2.536"/>
  <testcase name="runScenario" classname="testrunners.testRunner" time="2.524"/>
  <testcase name="runScenario" classname="testrunners.testRunner" time="4.375"/>
  <testcase name="runScenario" classname="testrunners.testRunner" time="2.304"/>
  <testcase name="runScenario" classname="testrunners.testRunner" time="2.351"/>
  <testcase name="runScenario" classname="testrunners.testRunner" time="2.389"/>
  <testcase name="runScenario" classname="testrunners.testRunner" time="2.33"/>
  <testcase name="runScenario" classname="testrunners.testRunner" time="2.439"/>
  <testcase name="runScenario" classname="testrunners.testRunner" time="2.222"/>
  <testcase name="runScenario" classname="testrunners.testRunner" time="0.205"/>
  <testcase name="runScenario" classname="testrunners.testRunner" time="2.632"/>
  <testcase name="runScenario" classname="testrunners.testRunner" time="2.267"/>
  <testcase name="runScenario" classname="testrunners.testRunner" time="2.399"/>
  <testcase name="runScenario" classname="testrunners.testRunner" time="2.58"/>
  <testcase name="runScenario" classname="testrunners.testRunner" time="2.553"/>
  <testcase name="runScenario" classname="testrunners.testRunner" time="2.754">
    <failure message="Title do not match expected [NumpyNinja] but found [Registration]" type="java.lang.AssertionError">java.lang.AssertionError: Title do not match expected [NumpyNinja] but found [Registration]
</failure>
    <system-out><![CDATA[16:46:29.226 [main] ERROR com.qa.util.Loggerload - Steps Failed , Taking Screenshot
]]></system-out>
    <system-err><![CDATA[[main] ERROR io.qameta.allure.AllureLifecycle - Could not add attachment: no test is running
]]></system-err>
  </testcase>
  <testcase name="runScenario" classname="testrunners.testRunner" time="1.563"/>
  <testcase name="runScenario" classname="testrunners.testRunner" time="1.409"/>
  <testcase name="runScenario" classname="testrunners.testRunner" time="2.248"/>
  <testcase name="runScenario" classname="testrunners.testRunner" time="2.729"/>
  <testcase name="runScenario" classname="testrunners.testRunner" time="1.398"/>
  <testcase name="runScenario" classname="testrunners.testRunner" time="1.276"/>
  <testcase name="runScenario" classname="testrunners.testRunner" time="1.477"/>
  <testcase name="runScenario" classname="testrunners.testRunner" time="1.464"/>
  <testcase name="runScenario" classname="testrunners.testRunner" time="1.295"/>
  <testcase name="runScenario" classname="testrunners.testRunner" time="1.198"/>
  <testcase name="runScenario" classname="testrunners.testRunner" time="1.597"/>
  <testcase name="runScenario" classname="testrunners.testRunner" time="1.712"/>
  <testcase name="runScenario" classname="testrunners.testRunner" time="1.321"/>
  <testcase name="runScenario" classname="testrunners.testRunner" time="1.227"/>
  <testcase name="runScenario" classname="testrunners.testRunner" time="1.372"/>
  <testcase name="runScenario" classname="testrunners.testRunner" time="1.449"/>
  <testcase name="runScenario" classname="testrunners.testRunner" time="1.333"/>
  <testcase name="runScenario" classname="testrunners.testRunner" time="1.33"/>
  <testcase name="runScenario" classname="testrunners.testRunner" time="1.423"/>
  <testcase name="runScenario" classname="testrunners.testRunner" time="1.452"/>
  <testcase name="runScenario" classname="testrunners.testRunner" time="1.281"/>
  <testcase name="runScenario" classname="testrunners.testRunner" time="1.246"/>
  <testcase name="runScenario" classname="testrunners.testRunner" time="1.497"/>
  <testcase name="runScenario" classname="testrunners.testRunner" time="1.541"/>
  <testcase name="runScenario" classname="testrunners.testRunner" time="1.278"/>
  <testcase name="runScenario" classname="testrunners.testRunner" time="1.205"/>
  <testcase name="runScenario" classname="testrunners.testRunner" time="1.357"/>
  <testcase name="runScenario" classname="testrunners.testRunner" time="1.474"/>
  <testcase name="runScenario" classname="testrunners.testRunner" time="1.22"/>
  <testcase name="runScenario" classname="testrunners.testRunner" time="1.112"/>
  <testcase name="runScenario" classname="testrunners.testRunner" time="1.407"/>
  <testcase name="runScenario" classname="testrunners.testRunner" time="0.865"/>
  <testcase name="runScenario" classname="testrunners.testRunner" time="1.282"/>
  <testcase name="runScenario" classname="testrunners.testRunner" time="1.528"/>
  <testcase name="runScenario" classname="testrunners.testRunner" time="1.961"/>
  <testcase name="runScenario" classname="testrunners.testRunner" time="1.873"/>
  <testcase name="runScenario" classname="testrunners.testRunner" time="1.274"/>
  <testcase name="runScenario" classname="testrunners.testRunner" time="1.42"/>
  <testcase name="runScenario" classname="testrunners.testRunner" time="1.345"/>
  <testcase name="runScenario" classname="testrunners.testRunner" time="1.151"/>
  <testcase name="runScenario" classname="testrunners.testRunner" time="1.135"/>
  <testcase name="runScenario" classname="testrunners.testRunner" time="1.129"/>
  <testcase name="runScenario" classname="testrunners.testRunner" time="1.341"/>
  <testcase name="runScenario" classname="testrunners.testRunner" time="1.239"/>
  <testcase name="runScenario" classname="testrunners.testRunner" time="1.245"/>
  <testcase name="runScenario" classname="testrunners.testRunner" time="2.05"/>
  <testcase name="runScenario" classname="testrunners.testRunner" time="1.433"/>
  <testcase name="runScenario" classname="testrunners.testRunner" time="1.202"/>
  <testcase name="runScenario" classname="testrunners.testRunner" time="1.144"/>
  <testcase name="runScenario" classname="testrunners.testRunner" time="1.243"/>
  <testcase name="runScenario" classname="testrunners.testRunner" time="1.03"/>
  <testcase name="runScenario" classname="testrunners.testRunner" time="1.27"/>
  <testcase name="runScenario" classname="testrunners.testRunner" time="2.066"/>
  <testcase name="runScenario" classname="testrunners.testRunner" time="1.824"/>
  <testcase name="runScenario" classname="testrunners.testRunner" time="2.092"/>
  <testcase name="runScenario" classname="testrunners.testRunner" time="1.488"/>
  <testcase name="runScenario" classname="testrunners.testRunner" time="1.632"/>
  <testcase name="runScenario" classname="testrunners.testRunner" time="1.31"/>
  <testcase name="runScenario" classname="testrunners.testRunner" time="1.512"/>
  <testcase name="runScenario" classname="testrunners.testRunner" time="1.324"/>
  <testcase name="runScenario" classname="testrunners.testRunner" time="1.442"/>
  <testcase name="runScenario" classname="testrunners.testRunner" time="1.215"/>
  <testcase name="runScenario" classname="testrunners.testRunner" time="1.185"/>
  <testcase name="runScenario" classname="testrunners.testRunner" time="1.36"/>
  <testcase name="runScenario" classname="testrunners.testRunner" time="1.431"/>
  <testcase name="runScenario" classname="testrunners.testRunner" time="1.217"/>
  <testcase name="runScenario" classname="testrunners.testRunner" time="1.338"/>
  <testcase name="runScenario" classname="testrunners.testRunner" time="1.385"/>
  <testcase name="runScenario" classname="testrunners.testRunner" time="1.472"/>
  <testcase name="runScenario" classname="testrunners.testRunner" time="1.316"/>
  <testcase name="runScenario" classname="testrunners.testRunner" time="1.271"/>
  <testcase name="runScenario" classname="testrunners.testRunner" time="1.356"/>
  <testcase name="runScenario" classname="testrunners.testRunner" time="1.502"/>
  <testcase name="runScenario" classname="testrunners.testRunner" time="1.35"/>
  <testcase name="runScenario" classname="testrunners.testRunner" time="1.714"/>
  <testcase name="runScenario" classname="testrunners.testRunner" time="2.122"/>
  <testcase name="runScenario" classname="testrunners.testRunner" time="1.837"/>
  <testcase name="runScenario" classname="testrunners.testRunner" time="1.277"/>
  <testcase name="runScenario" classname="testrunners.testRunner" time="1.23"/>
  <testcase name="runScenario" classname="testrunners.testRunner" time="1.443"/>
  <testcase name="runScenario" classname="testrunners.testRunner" time="1.927"/>
  <testcase name="runScenario" classname="testrunners.testRunner" time="1.523"/>
  <testcase name="runScenario" classname="testrunners.testRunner" time="1.576"/>
  <testcase name="runScenario" classname="testrunners.testRunner" time="1.899"/>
  <testcase name="runScenario" classname="testrunners.testRunner" time="1.766"/>
  <testcase name="runScenario" classname="testrunners.testRunner" time="1.384"/>
  <testcase name="runScenario" classname="testrunners.testRunner" time="1.464"/>
  <testcase name="runScenario" classname="testrunners.testRunner" time="1.459"/>
  <testcase name="runScenario" classname="testrunners.testRunner" time="3.095"/>
  <testcase name="runScenario" classname="testrunners.testRunner" time="1.529"/>
  <testcase name="runScenario" classname="testrunners.testRunner" time="1.401"/>
  <testcase name="runScenario" classname="testrunners.testRunner" time="1.75"/>
  <testcase name="runScenario" classname="testrunners.testRunner" time="1.905"/>
  <testcase name="runScenario" classname="testrunners.testRunner" time="1.879"/>
  <testcase name="runScenario" classname="testrunners.testRunner" time="1.284"/>
  <testcase name="runScenario" classname="testrunners.testRunner" time="1.718"/>
  <testcase name="runScenario" classname="testrunners.testRunner" time="1.612"/>
  <testcase name="runScenario" classname="testrunners.testRunner" time="1.326"/>
  <testcase name="runScenario" classname="testrunners.testRunner" time="1.248"/>
  <testcase name="runScenario" classname="testrunners.testRunner" time="1.376"/>
  <testcase name="runScenario" classname="testrunners.testRunner" time="2.439"/>
  <testcase name="runScenario" classname="testrunners.testRunner" time="1.286"/>
  <testcase name="runScenario" classname="testrunners.testRunner" time="1.226"/>
  <testcase name="runScenario" classname="testrunners.testRunner" time="2.392"/>
</testsuite>