<?xml version="1.0" encoding="UTF-8"?>
<!-- Generated by org.testng.reporters.JUnitReportReporter -->
<testsuite hostname="MSI" failures="1" tests="127" name="testrunners.testRunner" time="217.570" errors="0" timestamp="2024-01-25T17:30:08 PST" skipped="0">
  <testcase classname="testrunners.testRunner" name="runScenario" time="1.458"/>
  <testcase classname="testrunners.testRunner" name="runScenario" time="1.234"/>
  <testcase classname="testrunners.testRunner" name="runScenario" time="1.844"/>
  <testcase classname="testrunners.testRunner" name="runScenario" time="1.465"/>
  <testcase classname="testrunners.testRunner" name="runScenario" time="1.260"/>
  <testcase classname="testrunners.testRunner" name="runScenario" time="1.413"/>
  <testcase classname="testrunners.testRunner" name="runScenario" time="1.267"/>
  <testcase classname="testrunners.testRunner" name="runScenario" time="1.601"/>
  <testcase classname="testrunners.testRunner" name="runScenario" time="1.395"/>
  <testcase classname="testrunners.testRunner" name="runScenario" time="1.457"/>
  <testcase classname="testrunners.testRunner" name="runScenario" time="2.273"/>
  <testcase classname="testrunners.testRunner" name="runScenario" time="1.466"/>
  <testcase classname="testrunners.testRunner" name="runScenario" time="1.718"/>
  <testcase classname="testrunners.testRunner" name="runScenario" time="2.012"/>
  <testcase classname="testrunners.testRunner" name="runScenario" time="0.782"/>
  <testcase classname="testrunners.testRunner" name="runScenario" time="1.621"/>
  <testcase classname="testrunners.testRunner" name="runScenario" time="2.445"/>
  <testcase classname="testrunners.testRunner" name="runScenario" time="4.459"/>
  <testcase classname="testrunners.testRunner" name="runScenario" time="1.855"/>
  <testcase classname="testrunners.testRunner" name="runScenario" time="1.533"/>
  <testcase classname="testrunners.testRunner" name="runScenario" time="1.380"/>
  <testcase classname="testrunners.testRunner" name="runScenario" time="1.261"/>
  <testcase classname="testrunners.testRunner" name="runScenario" time="1.449"/>
  <testcase classname="testrunners.testRunner" name="runScenario" time="2.022"/>
  <testcase classname="testrunners.testRunner" name="runScenario" time="1.269"/>
  <testcase classname="testrunners.testRunner" name="runScenario" time="1.385"/>
  <testcase classname="testrunners.testRunner" name="runScenario" time="1.285"/>
  <testcase classname="testrunners.testRunner" name="runScenario" time="1.429"/>
  <testcase classname="testrunners.testRunner" name="runScenario" time="1.217"/>
  <testcase classname="testrunners.testRunner" name="runScenario" time="1.286"/>
  <testcase classname="testrunners.testRunner" name="runScenario" time="1.345"/>
  <testcase classname="testrunners.testRunner" name="runScenario" time="1.278"/>
  <testcase classname="testrunners.testRunner" name="runScenario" time="1.554"/>
  <testcase classname="testrunners.testRunner" name="runScenario" time="1.308"/>
  <testcase classname="testrunners.testRunner" name="runScenario" time="2.259"/>
  <testcase classname="testrunners.testRunner" name="runScenario" time="1.703"/>
  <testcase classname="testrunners.testRunner" name="runScenario" time="2.317"/>
  <testcase classname="testrunners.testRunner" name="runScenario" time="1.507"/>
  <testcase classname="testrunners.testRunner" name="runScenario" time="1.604"/>
  <testcase classname="testrunners.testRunner" name="runScenario" time="1.482"/>
  <testcase classname="testrunners.testRunner" name="runScenario" time="2.487"/>
  <testcase classname="testrunners.testRunner" name="runScenario" time="1.732"/>
  <testcase classname="testrunners.testRunner" name="runScenario" time="2.418"/>
  <testcase classname="testrunners.testRunner" name="runScenario" time="2.365"/>
  <testcase classname="testrunners.testRunner" name="runScenario" time="1.497"/>
  <testcase classname="testrunners.testRunner" name="runScenario" time="1.707"/>
  <testcase classname="testrunners.testRunner" name="runScenario" time="1.240"/>
  <testcase classname="testrunners.testRunner" name="runScenario" time="1.507"/>
  <testcase classname="testrunners.testRunner" name="runScenario" time="1.642"/>
  <testcase classname="testrunners.testRunner" name="runScenario" time="2.493"/>
  <testcase classname="testrunners.testRunner" name="runScenario" time="2.486"/>
  <testcase classname="testrunners.testRunner" name="runScenario" time="1.356"/>
  <testcase classname="testrunners.testRunner" name="runScenario" time="1.350"/>
  <testcase classname="testrunners.testRunner" name="runScenario" time="1.499"/>
  <testcase classname="testrunners.testRunner" name="runScenario" time="1.410"/>
  <testcase classname="testrunners.testRunner" name="runScenario" time="1.254"/>
  <testcase classname="testrunners.testRunner" name="runScenario" time="2.424"/>
  <testcase classname="testrunners.testRunner" name="runScenario" time="1.718"/>
  <testcase classname="testrunners.testRunner" name="runScenario" time="1.692"/>
  <testcase classname="testrunners.testRunner" name="runScenario" time="1.920"/>
  <testcase classname="testrunners.testRunner" name="runScenario" time="2.629"/>
  <testcase classname="testrunners.testRunner" name="runScenario" time="1.516"/>
  <testcase classname="testrunners.testRunner" name="runScenario" time="1.741"/>
  <testcase classname="testrunners.testRunner" name="runScenario" time="1.790"/>
  <testcase classname="testrunners.testRunner" name="runScenario" time="1.698"/>
  <testcase classname="testrunners.testRunner" name="runScenario" time="1.461"/>
  <testcase classname="testrunners.testRunner" name="runScenario" time="1.389"/>
  <testcase classname="testrunners.testRunner" name="runScenario" time="1.346"/>
  <testcase classname="testrunners.testRunner" name="runScenario" time="1.970"/>
  <testcase classname="testrunners.testRunner" name="runScenario" time="1.945"/>
  <testcase classname="testrunners.testRunner" name="runScenario" time="2.523"/>
  <testcase classname="testrunners.testRunner" name="runScenario" time="1.551"/>
  <testcase classname="testrunners.testRunner" name="runScenario" time="1.576"/>
  <testcase classname="testrunners.testRunner" name="runScenario" time="1.473"/>
  <testcase classname="testrunners.testRunner" name="runScenario" time="1.711"/>
  <testcase classname="testrunners.testRunner" name="runScenario" time="1.265"/>
  <testcase classname="testrunners.testRunner" name="runScenario" time="2.449"/>
  <testcase classname="testrunners.testRunner" name="runScenario" time="1.254"/>
  <testcase classname="testrunners.testRunner" name="runScenario" time="1.278"/>
  <testcase classname="testrunners.testRunner" name="runScenario" time="0.941"/>
  <testcase classname="testrunners.testRunner" name="runScenario" time="1.346"/>
  <testcase classname="testrunners.testRunner" name="runScenario" time="1.621"/>
  <testcase classname="testrunners.testRunner" name="runScenario" time="1.371"/>
  <testcase classname="testrunners.testRunner" name="runScenario" time="1.486"/>
  <testcase classname="testrunners.testRunner" name="runScenario" time="2.688"/>
  <testcase classname="testrunners.testRunner" name="runScenario" time="1.525"/>
  <testcase classname="testrunners.testRunner" name="runScenario" time="1.795"/>
  <testcase classname="testrunners.testRunner" name="runScenario" time="2.576"/>
  <testcase classname="testrunners.testRunner" name="runScenario" time="1.365"/>
  <testcase classname="testrunners.testRunner" name="runScenario" time="1.810"/>
  <testcase classname="testrunners.testRunner" name="runScenario" time="1.368"/>
  <testcase classname="testrunners.testRunner" name="runScenario" time="2.435"/>
  <testcase classname="testrunners.testRunner" name="runScenario" time="2.382"/>
  <testcase classname="testrunners.testRunner" name="runScenario" time="1.795"/>
  <testcase classname="testrunners.testRunner" name="runScenario" time="1.481"/>
  <testcase classname="testrunners.testRunner" name="runScenario" time="1.608"/>
  <testcase classname="testrunners.testRunner" name="runScenario" time="1.359"/>
  <testcase classname="testrunners.testRunner" name="runScenario" time="1.716"/>
  <testcase classname="testrunners.testRunner" name="runScenario" time="1.658"/>
  <testcase classname="testrunners.testRunner" name="runScenario" time="2.695">
    <failure message="Title do not match expected [NumpyNinja] but found [Registration]" type="java.lang.AssertionError">
      <![CDATA[java.lang.AssertionError: Title do not match expected [NumpyNinja] but found [Registration]
at org.testng.Assert.fail(Assert.java:111)
at org.testng.Assert.failNotEquals(Assert.java:1578)
at org.testng.Assert.assertEqualsImpl(Assert.java:150)
at org.testng.Assert.assertEquals(Assert.java:132)
at org.testng.Assert.assertEquals(Assert.java:656)
at stepDefinitions.Registersteps.the_user_should_be_redirected_to_homepage_with_the_message(Registersteps.java:98)
at ✽.The user should be redirected to Homepage with the message "New Account Created. You are logged in as <username>"(file:///C:/Users/shrav/eclipse-workspace/Dsalgo_proj_final/src/test/resources/AppFeatures/3_Register.feature:69)
]]>
    </failure>
  </testcase> <!-- runScenario -->
  <testcase classname="testrunners.testRunner" name="runScenario" time="1.370"/>
  <testcase classname="testrunners.testRunner" name="runScenario" time="2.317"/>
  <testcase classname="testrunners.testRunner" name="runScenario" time="1.514"/>
  <testcase classname="testrunners.testRunner" name="runScenario" time="4.701"/>
  <testcase classname="testrunners.testRunner" name="runScenario" time="1.375"/>
  <testcase classname="testrunners.testRunner" name="runScenario" time="2.049"/>
  <testcase classname="testrunners.testRunner" name="runScenario" time="1.381"/>
  <testcase classname="testrunners.testRunner" name="runScenario" time="1.536"/>
  <testcase classname="testrunners.testRunner" name="runScenario" time="2.507"/>
  <testcase classname="testrunners.testRunner" name="runScenario" time="1.348"/>
  <testcase classname="testrunners.testRunner" name="runScenario" time="1.569"/>
  <testcase classname="testrunners.testRunner" name="runScenario" time="1.250"/>
  <testcase classname="testrunners.testRunner" name="runScenario" time="1.257"/>
  <testcase classname="testrunners.testRunner" name="runScenario" time="1.261"/>
  <testcase classname="testrunners.testRunner" name="runScenario" time="2.501"/>
  <testcase classname="testrunners.testRunner" name="runScenario" time="2.233"/>
  <testcase classname="testrunners.testRunner" name="runScenario" time="0.243"/>
  <testcase classname="testrunners.testRunner" name="runScenario" time="1.793"/>
  <testcase classname="testrunners.testRunner" name="runScenario" time="1.369"/>
  <testcase classname="testrunners.testRunner" name="runScenario" time="1.469"/>
  <testcase classname="testrunners.testRunner" name="runScenario" time="2.267"/>
  <testcase classname="testrunners.testRunner" name="runScenario" time="1.285"/>
  <testcase classname="testrunners.testRunner" name="runScenario" time="1.843"/>
  <testcase classname="testrunners.testRunner" name="runScenario" time="1.718"/>
  <testcase classname="testrunners.testRunner" name="runScenario" time="1.494"/>
  <testcase classname="testrunners.testRunner" name="runScenario" time="1.545"/>
  <testcase classname="testrunners.testRunner" name="runScenario" time="1.694"/>
</testsuite> <!-- testrunners.testRunner -->
