<?xml version="1.0" encoding="UTF-8"?>
<!-- Generated by org.testng.reporters.JUnitReportReporter -->
<testsuite hostname="MSI" failures="1" tests="127" name="testrunners.testRunner" time="223.664" errors="0" timestamp="2024-02-13T16:49:05 PST" skipped="0">
  <testcase classname="testrunners.testRunner" name="runScenario" time="2.351"/>
  <testcase classname="testrunners.testRunner" name="runScenario" time="2.303"/>
  <testcase classname="testrunners.testRunner" name="runScenario" time="3.272"/>
  <testcase classname="testrunners.testRunner" name="runScenario" time="1.245"/>
  <testcase classname="testrunners.testRunner" name="runScenario" time="1.824"/>
  <testcase classname="testrunners.testRunner" name="runScenario" time="1.463"/>
  <testcase classname="testrunners.testRunner" name="runScenario" time="1.150"/>
  <testcase classname="testrunners.testRunner" name="runScenario" time="1.529"/>
  <testcase classname="testrunners.testRunner" name="runScenario" time="1.330"/>
  <testcase classname="testrunners.testRunner" name="runScenario" time="1.219"/>
  <testcase classname="testrunners.testRunner" name="runScenario" time="1.204"/>
  <testcase classname="testrunners.testRunner" name="runScenario" time="1.576"/>
  <testcase classname="testrunners.testRunner" name="runScenario" time="1.247"/>
  <testcase classname="testrunners.testRunner" name="runScenario" time="2.267"/>
  <testcase classname="testrunners.testRunner" name="runScenario" time="1.279"/>
  <testcase classname="testrunners.testRunner" name="runScenario" time="1.765"/>
  <testcase classname="testrunners.testRunner" name="runScenario" time="1.409"/>
  <testcase classname="testrunners.testRunner" name="runScenario" time="1.356"/>
  <testcase classname="testrunners.testRunner" name="runScenario" time="2.536"/>
  <testcase classname="testrunners.testRunner" name="runScenario" time="1.270"/>
  <testcase classname="testrunners.testRunner" name="runScenario" time="13.778"/>
  <testcase classname="testrunners.testRunner" name="runScenario" time="1.240"/>
  <testcase classname="testrunners.testRunner" name="runScenario" time="1.879"/>
  <testcase classname="testrunners.testRunner" name="runScenario" time="2.552"/>
  <testcase classname="testrunners.testRunner" name="runScenario" time="1.278"/>
  <testcase classname="testrunners.testRunner" name="runScenario" time="1.227"/>
  <testcase classname="testrunners.testRunner" name="runScenario" time="1.512"/>
  <testcase classname="testrunners.testRunner" name="runScenario" time="1.184"/>
  <testcase classname="testrunners.testRunner" name="runScenario" time="1.458"/>
  <testcase classname="testrunners.testRunner" name="runScenario" time="2.066"/>
  <testcase classname="testrunners.testRunner" name="runScenario" time="1.899"/>
  <testcase classname="testrunners.testRunner" name="runScenario" time="0.206"/>
  <testcase classname="testrunners.testRunner" name="runScenario" time="1.474"/>
  <testcase classname="testrunners.testRunner" name="runScenario" time="1.540"/>
  <testcase classname="testrunners.testRunner" name="runScenario" time="1.449"/>
  <testcase classname="testrunners.testRunner" name="runScenario" time="1.315"/>
  <testcase classname="testrunners.testRunner" name="runScenario" time="2.439"/>
  <testcase classname="testrunners.testRunner" name="runScenario" time="1.711"/>
  <testcase classname="testrunners.testRunner" name="runScenario" time="1.424"/>
  <testcase classname="testrunners.testRunner" name="runScenario" time="1.199"/>
  <testcase classname="testrunners.testRunner" name="runScenario" time="1.464"/>
  <testcase classname="testrunners.testRunner" name="runScenario" time="1.350"/>
  <testcase classname="testrunners.testRunner" name="runScenario" time="1.497"/>
  <testcase classname="testrunners.testRunner" name="runScenario" time="2.579"/>
  <testcase classname="testrunners.testRunner" name="runScenario" time="1.280"/>
  <testcase classname="testrunners.testRunner" name="runScenario" time="1.398"/>
  <testcase classname="testrunners.testRunner" name="runScenario" time="1.321"/>
  <testcase classname="testrunners.testRunner" name="runScenario" time="1.522"/>
  <testcase classname="testrunners.testRunner" name="runScenario" time="1.904"/>
  <testcase classname="testrunners.testRunner" name="runScenario" time="1.226"/>
  <testcase classname="testrunners.testRunner" name="runScenario" time="2.566"/>
  <testcase classname="testrunners.testRunner" name="runScenario" time="1.475"/>
  <testcase classname="testrunners.testRunner" name="runScenario" time="1.214"/>
  <testcase classname="testrunners.testRunner" name="runScenario" time="2.092"/>
  <testcase classname="testrunners.testRunner" name="runScenario" time="1.286"/>
  <testcase classname="testrunners.testRunner" name="runScenario" time="1.274"/>
  <testcase classname="testrunners.testRunner" name="runScenario" time="1.112"/>
  <testcase classname="testrunners.testRunner" name="runScenario" time="1.030"/>
  <testcase classname="testrunners.testRunner" name="runScenario" time="1.373"/>
  <testcase classname="testrunners.testRunner" name="runScenario" time="1.230"/>
  <testcase classname="testrunners.testRunner" name="runScenario" time="1.927"/>
  <testcase classname="testrunners.testRunner" name="runScenario" time="1.203"/>
  <testcase classname="testrunners.testRunner" name="runScenario" time="2.121"/>
  <testcase classname="testrunners.testRunner" name="runScenario" time="2.486"/>
  <testcase classname="testrunners.testRunner" name="runScenario" time="1.295"/>
  <testcase classname="testrunners.testRunner" name="runScenario" time="1.430"/>
  <testcase classname="testrunners.testRunner" name="runScenario" time="1.401"/>
  <testcase classname="testrunners.testRunner" name="runScenario" time="2.524"/>
  <testcase classname="testrunners.testRunner" name="runScenario" time="2.533"/>
  <testcase classname="testrunners.testRunner" name="runScenario" time="1.632"/>
  <testcase classname="testrunners.testRunner" name="runScenario" time="2.631"/>
  <testcase classname="testrunners.testRunner" name="runScenario" time="1.341"/>
  <testcase classname="testrunners.testRunner" name="runScenario" time="1.528"/>
  <testcase classname="testrunners.testRunner" name="runScenario" time="1.346"/>
  <testcase classname="testrunners.testRunner" name="runScenario" time="1.612"/>
  <testcase classname="testrunners.testRunner" name="runScenario" time="1.419"/>
  <testcase classname="testrunners.testRunner" name="runScenario" time="1.243"/>
  <testcase classname="testrunners.testRunner" name="runScenario" time="1.452"/>
  <testcase classname="testrunners.testRunner" name="runScenario" time="2.391"/>
  <testcase classname="testrunners.testRunner" name="runScenario" time="1.961"/>
  <testcase classname="testrunners.testRunner" name="runScenario" time="1.338"/>
  <testcase classname="testrunners.testRunner" name="runScenario" time="1.325"/>
  <testcase classname="testrunners.testRunner" name="runScenario" time="1.281"/>
  <testcase classname="testrunners.testRunner" name="runScenario" time="1.270"/>
  <testcase classname="testrunners.testRunner" name="runScenario" time="2.439"/>
  <testcase classname="testrunners.testRunner" name="runScenario" time="1.442"/>
  <testcase classname="testrunners.testRunner" name="runScenario" time="2.512"/>
  <testcase classname="testrunners.testRunner" name="runScenario" time="2.330"/>
  <testcase classname="testrunners.testRunner" name="runScenario" time="2.221"/>
  <testcase classname="testrunners.testRunner" name="runScenario" time="2.389"/>
  <testcase classname="testrunners.testRunner" name="runScenario" time="1.276"/>
  <testcase classname="testrunners.testRunner" name="runScenario" time="1.246"/>
  <testcase classname="testrunners.testRunner" name="runScenario" time="1.444"/>
  <testcase classname="testrunners.testRunner" name="runScenario" time="1.128"/>
  <testcase classname="testrunners.testRunner" name="runScenario" time="1.332"/>
  <testcase classname="testrunners.testRunner" name="runScenario" time="1.563"/>
  <testcase classname="testrunners.testRunner" name="runScenario" time="1.356"/>
  <testcase classname="testrunners.testRunner" name="runScenario" time="2.049"/>
  <testcase classname="testrunners.testRunner" name="runScenario" time="1.406"/>
  <testcase classname="testrunners.testRunner" name="runScenario" time="1.433"/>
  <testcase classname="testrunners.testRunner" name="runScenario" time="2.398"/>
  <testcase classname="testrunners.testRunner" name="runScenario" time="0.866"/>
  <testcase classname="testrunners.testRunner" name="runScenario" time="2.463"/>
  <testcase classname="testrunners.testRunner" name="runScenario" time="1.283"/>
  <testcase classname="testrunners.testRunner" name="runScenario" time="1.217"/>
  <testcase classname="testrunners.testRunner" name="runScenario" time="1.135"/>
  <testcase classname="testrunners.testRunner" name="runScenario" time="1.384"/>
  <testcase classname="testrunners.testRunner" name="runScenario" time="2.248"/>
  <testcase classname="testrunners.testRunner" name="runScenario" time="1.501"/>
  <testcase classname="testrunners.testRunner" name="runScenario" time="1.596"/>
  <testcase classname="testrunners.testRunner" name="runScenario" time="1.749"/>
  <testcase classname="testrunners.testRunner" name="runScenario" time="1.488"/>
  <testcase classname="testrunners.testRunner" name="runScenario" time="1.384"/>
  <testcase classname="testrunners.testRunner" name="runScenario" time="2.750">
    <failure message="Title do not match expected [NumpyNinja] but found [Registration]" type="java.lang.AssertionError">
      <![CDATA[java.lang.AssertionError: Title do not match expected [NumpyNinja] but found [Registration]
at org.testng.Assert.fail(Assert.java:111)
at org.testng.Assert.failNotEquals(Assert.java:1578)
at org.testng.Assert.assertEqualsImpl(Assert.java:150)
at org.testng.Assert.assertEquals(Assert.java:132)
at org.testng.Assert.assertEquals(Assert.java:656)
at stepDefinitions.Registersteps.the_user_should_be_redirected_to_homepage_with_the_message(Registersteps.java:98)
at âœ½.The user should be redirected to Homepage with the message "New Account Created. You are logged in as <username>"(file:///C:/Users/shrav/eclipse-workspace/DSALGO-Final/src/test/resources/AppFeatures/3_Register.feature:69)
]]>
    </failure>
  </testcase> <!-- runScenario -->
  <testcase classname="testrunners.testRunner" name="runScenario" time="1.310"/>
  <testcase classname="testrunners.testRunner" name="runScenario" time="1.144"/>
  <testcase classname="testrunners.testRunner" name="runScenario" time="1.836"/>
  <testcase classname="testrunners.testRunner" name="runScenario" time="1.325"/>
  <testcase classname="testrunners.testRunner" name="runScenario" time="1.715"/>
  <testcase classname="testrunners.testRunner" name="runScenario" time="1.472"/>
  <testcase classname="testrunners.testRunner" name="runScenario" time="3.094"/>
  <testcase classname="testrunners.testRunner" name="runScenario" time="1.874"/>
  <testcase classname="testrunners.testRunner" name="runScenario" time="1.718"/>
  <testcase classname="testrunners.testRunner" name="runScenario" time="2.729"/>
  <testcase classname="testrunners.testRunner" name="runScenario" time="4.375"/>
  <testcase classname="testrunners.testRunner" name="runScenario" time="1.376"/>
  <testcase classname="testrunners.testRunner" name="runScenario" time="1.360"/>
</testsuite> <!-- testrunners.testRunner -->
