<?xml version="1.0" encoding="UTF-8"?>
<!-- Generated by org.testng.reporters.JUnitReportReporter -->
<testsuite hostname="MSI" failures="1" tests="127" name="testrunners.testRunner" time="200.822" errors="0" timestamp="2024-01-26T15:24:10 PST" skipped="0">
  <testcase classname="testrunners.testRunner" name="runScenario" time="1.435"/>
  <testcase classname="testrunners.testRunner" name="runScenario" time="1.393"/>
  <testcase classname="testrunners.testRunner" name="runScenario" time="0.686"/>
  <testcase classname="testrunners.testRunner" name="runScenario" time="1.748"/>
  <testcase classname="testrunners.testRunner" name="runScenario" time="1.079"/>
  <testcase classname="testrunners.testRunner" name="runScenario" time="1.307"/>
  <testcase classname="testrunners.testRunner" name="runScenario" time="1.154"/>
  <testcase classname="testrunners.testRunner" name="runScenario" time="1.485"/>
  <testcase classname="testrunners.testRunner" name="runScenario" time="1.208"/>
  <testcase classname="testrunners.testRunner" name="runScenario" time="1.295"/>
  <testcase classname="testrunners.testRunner" name="runScenario" time="1.231"/>
  <testcase classname="testrunners.testRunner" name="runScenario" time="2.354"/>
  <testcase classname="testrunners.testRunner" name="runScenario" time="1.820"/>
  <testcase classname="testrunners.testRunner" name="runScenario" time="1.932"/>
  <testcase classname="testrunners.testRunner" name="runScenario" time="1.249"/>
  <testcase classname="testrunners.testRunner" name="runScenario" time="1.441"/>
  <testcase classname="testrunners.testRunner" name="runScenario" time="2.402"/>
  <testcase classname="testrunners.testRunner" name="runScenario" time="1.466"/>
  <testcase classname="testrunners.testRunner" name="runScenario" time="1.231"/>
  <testcase classname="testrunners.testRunner" name="runScenario" time="1.479"/>
  <testcase classname="testrunners.testRunner" name="runScenario" time="0.923"/>
  <testcase classname="testrunners.testRunner" name="runScenario" time="2.328"/>
  <testcase classname="testrunners.testRunner" name="runScenario" time="1.225"/>
  <testcase classname="testrunners.testRunner" name="runScenario" time="2.037"/>
  <testcase classname="testrunners.testRunner" name="runScenario" time="1.225"/>
  <testcase classname="testrunners.testRunner" name="runScenario" time="1.611"/>
  <testcase classname="testrunners.testRunner" name="runScenario" time="1.334"/>
  <testcase classname="testrunners.testRunner" name="runScenario" time="1.993"/>
  <testcase classname="testrunners.testRunner" name="runScenario" time="2.634">
    <failure message="Title do not match expected [NumpyNinja] but found [Registration]" type="java.lang.AssertionError">
      <![CDATA[java.lang.AssertionError: Title do not match expected [NumpyNinja] but found [Registration]
at org.testng.Assert.fail(Assert.java:111)
at org.testng.Assert.failNotEquals(Assert.java:1578)
at org.testng.Assert.assertEqualsImpl(Assert.java:150)
at org.testng.Assert.assertEquals(Assert.java:132)
at org.testng.Assert.assertEquals(Assert.java:656)
at stepDefinitions.Registersteps.the_user_should_be_redirected_to_homepage_with_the_message(Registersteps.java:98)
at ✽.The user should be redirected to Homepage with the message "New Account Created. You are logged in as <username>"(file:///C:/Users/shrav/eclipse-workspace/Dsalgo_proj_final/src/test/resources/AppFeatures/3_Register.feature:69)
]]>
    </failure>
  </testcase> <!-- runScenario -->
  <testcase classname="testrunners.testRunner" name="runScenario" time="1.532"/>
  <testcase classname="testrunners.testRunner" name="runScenario" time="2.459"/>
  <testcase classname="testrunners.testRunner" name="runScenario" time="1.332"/>
  <testcase classname="testrunners.testRunner" name="runScenario" time="1.163"/>
  <testcase classname="testrunners.testRunner" name="runScenario" time="1.270"/>
  <testcase classname="testrunners.testRunner" name="runScenario" time="1.412"/>
  <testcase classname="testrunners.testRunner" name="runScenario" time="1.166"/>
  <testcase classname="testrunners.testRunner" name="runScenario" time="2.577"/>
  <testcase classname="testrunners.testRunner" name="runScenario" time="2.519"/>
  <testcase classname="testrunners.testRunner" name="runScenario" time="1.815"/>
  <testcase classname="testrunners.testRunner" name="runScenario" time="1.148"/>
  <testcase classname="testrunners.testRunner" name="runScenario" time="1.155"/>
  <testcase classname="testrunners.testRunner" name="runScenario" time="2.495"/>
  <testcase classname="testrunners.testRunner" name="runScenario" time="1.637"/>
  <testcase classname="testrunners.testRunner" name="runScenario" time="1.611"/>
  <testcase classname="testrunners.testRunner" name="runScenario" time="0.929"/>
  <testcase classname="testrunners.testRunner" name="runScenario" time="1.228"/>
  <testcase classname="testrunners.testRunner" name="runScenario" time="1.217"/>
  <testcase classname="testrunners.testRunner" name="runScenario" time="1.422"/>
  <testcase classname="testrunners.testRunner" name="runScenario" time="1.243"/>
  <testcase classname="testrunners.testRunner" name="runScenario" time="1.181"/>
  <testcase classname="testrunners.testRunner" name="runScenario" time="1.801"/>
  <testcase classname="testrunners.testRunner" name="runScenario" time="1.341"/>
  <testcase classname="testrunners.testRunner" name="runScenario" time="2.456"/>
  <testcase classname="testrunners.testRunner" name="runScenario" time="2.518"/>
  <testcase classname="testrunners.testRunner" name="runScenario" time="1.601"/>
  <testcase classname="testrunners.testRunner" name="runScenario" time="1.359"/>
  <testcase classname="testrunners.testRunner" name="runScenario" time="1.237"/>
  <testcase classname="testrunners.testRunner" name="runScenario" time="4.499"/>
  <testcase classname="testrunners.testRunner" name="runScenario" time="1.319"/>
  <testcase classname="testrunners.testRunner" name="runScenario" time="1.813"/>
  <testcase classname="testrunners.testRunner" name="runScenario" time="1.459"/>
  <testcase classname="testrunners.testRunner" name="runScenario" time="1.230"/>
  <testcase classname="testrunners.testRunner" name="runScenario" time="1.249"/>
  <testcase classname="testrunners.testRunner" name="runScenario" time="1.353"/>
  <testcase classname="testrunners.testRunner" name="runScenario" time="0.314"/>
  <testcase classname="testrunners.testRunner" name="runScenario" time="1.341"/>
  <testcase classname="testrunners.testRunner" name="runScenario" time="1.178"/>
  <testcase classname="testrunners.testRunner" name="runScenario" time="1.389"/>
  <testcase classname="testrunners.testRunner" name="runScenario" time="2.491"/>
  <testcase classname="testrunners.testRunner" name="runScenario" time="1.700"/>
  <testcase classname="testrunners.testRunner" name="runScenario" time="1.267"/>
  <testcase classname="testrunners.testRunner" name="runScenario" time="1.165"/>
  <testcase classname="testrunners.testRunner" name="runScenario" time="1.388"/>
  <testcase classname="testrunners.testRunner" name="runScenario" time="1.303"/>
  <testcase classname="testrunners.testRunner" name="runScenario" time="1.182"/>
  <testcase classname="testrunners.testRunner" name="runScenario" time="2.359"/>
  <testcase classname="testrunners.testRunner" name="runScenario" time="2.202"/>
  <testcase classname="testrunners.testRunner" name="runScenario" time="1.197"/>
  <testcase classname="testrunners.testRunner" name="runScenario" time="1.300"/>
  <testcase classname="testrunners.testRunner" name="runScenario" time="1.040"/>
  <testcase classname="testrunners.testRunner" name="runScenario" time="1.784"/>
  <testcase classname="testrunners.testRunner" name="runScenario" time="1.237"/>
  <testcase classname="testrunners.testRunner" name="runScenario" time="1.514"/>
  <testcase classname="testrunners.testRunner" name="runScenario" time="1.215"/>
  <testcase classname="testrunners.testRunner" name="runScenario" time="1.307"/>
  <testcase classname="testrunners.testRunner" name="runScenario" time="1.208"/>
  <testcase classname="testrunners.testRunner" name="runScenario" time="4.620"/>
  <testcase classname="testrunners.testRunner" name="runScenario" time="1.346"/>
  <testcase classname="testrunners.testRunner" name="runScenario" time="1.189"/>
  <testcase classname="testrunners.testRunner" name="runScenario" time="1.245"/>
  <testcase classname="testrunners.testRunner" name="runScenario" time="1.515"/>
  <testcase classname="testrunners.testRunner" name="runScenario" time="1.203"/>
  <testcase classname="testrunners.testRunner" name="runScenario" time="1.248"/>
  <testcase classname="testrunners.testRunner" name="runScenario" time="1.439"/>
  <testcase classname="testrunners.testRunner" name="runScenario" time="1.278"/>
  <testcase classname="testrunners.testRunner" name="runScenario" time="2.386"/>
  <testcase classname="testrunners.testRunner" name="runScenario" time="1.210"/>
  <testcase classname="testrunners.testRunner" name="runScenario" time="1.460"/>
  <testcase classname="testrunners.testRunner" name="runScenario" time="1.240"/>
  <testcase classname="testrunners.testRunner" name="runScenario" time="2.381"/>
  <testcase classname="testrunners.testRunner" name="runScenario" time="1.156"/>
  <testcase classname="testrunners.testRunner" name="runScenario" time="1.543"/>
  <testcase classname="testrunners.testRunner" name="runScenario" time="1.237"/>
  <testcase classname="testrunners.testRunner" name="runScenario" time="1.658"/>
  <testcase classname="testrunners.testRunner" name="runScenario" time="2.138"/>
  <testcase classname="testrunners.testRunner" name="runScenario" time="1.453"/>
  <testcase classname="testrunners.testRunner" name="runScenario" time="1.404"/>
  <testcase classname="testrunners.testRunner" name="runScenario" time="1.257"/>
  <testcase classname="testrunners.testRunner" name="runScenario" time="2.614"/>
  <testcase classname="testrunners.testRunner" name="runScenario" time="1.183"/>
  <testcase classname="testrunners.testRunner" name="runScenario" time="2.008"/>
  <testcase classname="testrunners.testRunner" name="runScenario" time="1.388"/>
  <testcase classname="testrunners.testRunner" name="runScenario" time="1.719"/>
  <testcase classname="testrunners.testRunner" name="runScenario" time="2.422"/>
  <testcase classname="testrunners.testRunner" name="runScenario" time="2.578"/>
  <testcase classname="testrunners.testRunner" name="runScenario" time="1.260"/>
  <testcase classname="testrunners.testRunner" name="runScenario" time="1.157"/>
  <testcase classname="testrunners.testRunner" name="runScenario" time="1.157"/>
  <testcase classname="testrunners.testRunner" name="runScenario" time="1.293"/>
  <testcase classname="testrunners.testRunner" name="runScenario" time="2.236"/>
  <testcase classname="testrunners.testRunner" name="runScenario" time="1.460"/>
  <testcase classname="testrunners.testRunner" name="runScenario" time="1.847"/>
  <testcase classname="testrunners.testRunner" name="runScenario" time="1.290"/>
  <testcase classname="testrunners.testRunner" name="runScenario" time="1.752"/>
  <testcase classname="testrunners.testRunner" name="runScenario" time="1.539"/>
  <testcase classname="testrunners.testRunner" name="runScenario" time="1.358"/>
  <testcase classname="testrunners.testRunner" name="runScenario" time="1.423"/>
</testsuite> <!-- testrunners.testRunner -->
