<?xml version="1.0" encoding="UTF-8"?>
<!-- Generated by org.testng.reporters.JUnitReportReporter -->
<testsuite hostname="MSI" failures="1" tests="127" name="testrunners.testRunner" time="199.228" errors="0" timestamp="2024-01-25T18:13:44 PST" skipped="0">
  <testcase classname="testrunners.testRunner" name="runScenario" time="1.133"/>
  <testcase classname="testrunners.testRunner" name="runScenario" time="1.354"/>
  <testcase classname="testrunners.testRunner" name="runScenario" time="1.415"/>
  <testcase classname="testrunners.testRunner" name="runScenario" time="1.387"/>
  <testcase classname="testrunners.testRunner" name="runScenario" time="1.166"/>
  <testcase classname="testrunners.testRunner" name="runScenario" time="1.535"/>
  <testcase classname="testrunners.testRunner" name="runScenario" time="1.235"/>
  <testcase classname="testrunners.testRunner" name="runScenario" time="1.804"/>
  <testcase classname="testrunners.testRunner" name="runScenario" time="1.200"/>
  <testcase classname="testrunners.testRunner" name="runScenario" time="1.564"/>
  <testcase classname="testrunners.testRunner" name="runScenario" time="1.497"/>
  <testcase classname="testrunners.testRunner" name="runScenario" time="1.761"/>
  <testcase classname="testrunners.testRunner" name="runScenario" time="4.372"/>
  <testcase classname="testrunners.testRunner" name="runScenario" time="2.470"/>
  <testcase classname="testrunners.testRunner" name="runScenario" time="1.437"/>
  <testcase classname="testrunners.testRunner" name="runScenario" time="1.471"/>
  <testcase classname="testrunners.testRunner" name="runScenario" time="2.325"/>
  <testcase classname="testrunners.testRunner" name="runScenario" time="2.381"/>
  <testcase classname="testrunners.testRunner" name="runScenario" time="2.529"/>
  <testcase classname="testrunners.testRunner" name="runScenario" time="1.239"/>
  <testcase classname="testrunners.testRunner" name="runScenario" time="1.494"/>
  <testcase classname="testrunners.testRunner" name="runScenario" time="1.486"/>
  <testcase classname="testrunners.testRunner" name="runScenario" time="1.585"/>
  <testcase classname="testrunners.testRunner" name="runScenario" time="1.254"/>
  <testcase classname="testrunners.testRunner" name="runScenario" time="2.405"/>
  <testcase classname="testrunners.testRunner" name="runScenario" time="1.097"/>
  <testcase classname="testrunners.testRunner" name="runScenario" time="1.301"/>
  <testcase classname="testrunners.testRunner" name="runScenario" time="1.123"/>
  <testcase classname="testrunners.testRunner" name="runScenario" time="2.228"/>
  <testcase classname="testrunners.testRunner" name="runScenario" time="1.263"/>
  <testcase classname="testrunners.testRunner" name="runScenario" time="1.709"/>
  <testcase classname="testrunners.testRunner" name="runScenario" time="1.200"/>
  <testcase classname="testrunners.testRunner" name="runScenario" time="1.618"/>
  <testcase classname="testrunners.testRunner" name="runScenario" time="1.305"/>
  <testcase classname="testrunners.testRunner" name="runScenario" time="1.150"/>
  <testcase classname="testrunners.testRunner" name="runScenario" time="1.180"/>
  <testcase classname="testrunners.testRunner" name="runScenario" time="2.696"/>
  <testcase classname="testrunners.testRunner" name="runScenario" time="2.670">
    <failure message="Title do not match expected [NumpyNinja] but found [Registration]" type="java.lang.AssertionError">
      <![CDATA[java.lang.AssertionError: Title do not match expected [NumpyNinja] but found [Registration]
at org.testng.Assert.fail(Assert.java:111)
at org.testng.Assert.failNotEquals(Assert.java:1578)
at org.testng.Assert.assertEqualsImpl(Assert.java:150)
at org.testng.Assert.assertEquals(Assert.java:132)
at org.testng.Assert.assertEquals(Assert.java:656)
at stepDefinitions.Registersteps.the_user_should_be_redirected_to_homepage_with_the_message(Registersteps.java:98)
at ✽.The user should be redirected to Homepage with the message "New Account Created. You are logged in as <username>"(file:///C:/Users/shrav/eclipse-workspace/Dsalgo_proj_final/src/test/resources/AppFeatures/3_Register.feature:69)
]]>
    </failure>
  </testcase> <!-- runScenario -->
  <testcase classname="testrunners.testRunner" name="runScenario" time="2.084"/>
  <testcase classname="testrunners.testRunner" name="runScenario" time="1.380"/>
  <testcase classname="testrunners.testRunner" name="runScenario" time="1.336"/>
  <testcase classname="testrunners.testRunner" name="runScenario" time="1.646"/>
  <testcase classname="testrunners.testRunner" name="runScenario" time="1.628"/>
  <testcase classname="testrunners.testRunner" name="runScenario" time="1.292"/>
  <testcase classname="testrunners.testRunner" name="runScenario" time="0.980"/>
  <testcase classname="testrunners.testRunner" name="runScenario" time="1.297"/>
  <testcase classname="testrunners.testRunner" name="runScenario" time="1.389"/>
  <testcase classname="testrunners.testRunner" name="runScenario" time="1.161"/>
  <testcase classname="testrunners.testRunner" name="runScenario" time="1.222"/>
  <testcase classname="testrunners.testRunner" name="runScenario" time="1.266"/>
  <testcase classname="testrunners.testRunner" name="runScenario" time="1.280"/>
  <testcase classname="testrunners.testRunner" name="runScenario" time="1.289"/>
  <testcase classname="testrunners.testRunner" name="runScenario" time="1.285"/>
  <testcase classname="testrunners.testRunner" name="runScenario" time="2.092"/>
  <testcase classname="testrunners.testRunner" name="runScenario" time="1.487"/>
  <testcase classname="testrunners.testRunner" name="runScenario" time="1.464"/>
  <testcase classname="testrunners.testRunner" name="runScenario" time="1.232"/>
  <testcase classname="testrunners.testRunner" name="runScenario" time="1.588"/>
  <testcase classname="testrunners.testRunner" name="runScenario" time="1.393"/>
  <testcase classname="testrunners.testRunner" name="runScenario" time="2.349"/>
  <testcase classname="testrunners.testRunner" name="runScenario" time="1.745"/>
  <testcase classname="testrunners.testRunner" name="runScenario" time="1.283"/>
  <testcase classname="testrunners.testRunner" name="runScenario" time="1.368"/>
  <testcase classname="testrunners.testRunner" name="runScenario" time="1.165"/>
  <testcase classname="testrunners.testRunner" name="runScenario" time="1.335"/>
  <testcase classname="testrunners.testRunner" name="runScenario" time="1.599"/>
  <testcase classname="testrunners.testRunner" name="runScenario" time="1.331"/>
  <testcase classname="testrunners.testRunner" name="runScenario" time="1.584"/>
  <testcase classname="testrunners.testRunner" name="runScenario" time="1.471"/>
  <testcase classname="testrunners.testRunner" name="runScenario" time="2.402"/>
  <testcase classname="testrunners.testRunner" name="runScenario" time="1.868"/>
  <testcase classname="testrunners.testRunner" name="runScenario" time="1.267"/>
  <testcase classname="testrunners.testRunner" name="runScenario" time="1.290"/>
  <testcase classname="testrunners.testRunner" name="runScenario" time="1.265"/>
  <testcase classname="testrunners.testRunner" name="runScenario" time="2.337"/>
  <testcase classname="testrunners.testRunner" name="runScenario" time="1.237"/>
  <testcase classname="testrunners.testRunner" name="runScenario" time="1.516"/>
  <testcase classname="testrunners.testRunner" name="runScenario" time="4.618"/>
  <testcase classname="testrunners.testRunner" name="runScenario" time="0.954"/>
  <testcase classname="testrunners.testRunner" name="runScenario" time="2.585"/>
  <testcase classname="testrunners.testRunner" name="runScenario" time="1.099"/>
  <testcase classname="testrunners.testRunner" name="runScenario" time="1.371"/>
  <testcase classname="testrunners.testRunner" name="runScenario" time="1.630"/>
  <testcase classname="testrunners.testRunner" name="runScenario" time="1.629"/>
  <testcase classname="testrunners.testRunner" name="runScenario" time="1.352"/>
  <testcase classname="testrunners.testRunner" name="runScenario" time="1.161"/>
  <testcase classname="testrunners.testRunner" name="runScenario" time="1.399"/>
  <testcase classname="testrunners.testRunner" name="runScenario" time="0.744"/>
  <testcase classname="testrunners.testRunner" name="runScenario" time="2.192"/>
  <testcase classname="testrunners.testRunner" name="runScenario" time="1.187"/>
  <testcase classname="testrunners.testRunner" name="runScenario" time="1.140"/>
  <testcase classname="testrunners.testRunner" name="runScenario" time="2.395"/>
  <testcase classname="testrunners.testRunner" name="runScenario" time="1.633"/>
  <testcase classname="testrunners.testRunner" name="runScenario" time="1.234"/>
  <testcase classname="testrunners.testRunner" name="runScenario" time="1.327"/>
  <testcase classname="testrunners.testRunner" name="runScenario" time="1.168"/>
  <testcase classname="testrunners.testRunner" name="runScenario" time="1.331"/>
  <testcase classname="testrunners.testRunner" name="runScenario" time="1.268"/>
  <testcase classname="testrunners.testRunner" name="runScenario" time="1.399"/>
  <testcase classname="testrunners.testRunner" name="runScenario" time="2.471"/>
  <testcase classname="testrunners.testRunner" name="runScenario" time="1.431"/>
  <testcase classname="testrunners.testRunner" name="runScenario" time="1.343"/>
  <testcase classname="testrunners.testRunner" name="runScenario" time="1.544"/>
  <testcase classname="testrunners.testRunner" name="runScenario" time="0.183"/>
  <testcase classname="testrunners.testRunner" name="runScenario" time="1.187"/>
  <testcase classname="testrunners.testRunner" name="runScenario" time="0.928"/>
  <testcase classname="testrunners.testRunner" name="runScenario" time="1.135"/>
  <testcase classname="testrunners.testRunner" name="runScenario" time="1.268"/>
  <testcase classname="testrunners.testRunner" name="runScenario" time="1.143"/>
  <testcase classname="testrunners.testRunner" name="runScenario" time="1.368"/>
  <testcase classname="testrunners.testRunner" name="runScenario" time="2.495"/>
  <testcase classname="testrunners.testRunner" name="runScenario" time="2.366"/>
  <testcase classname="testrunners.testRunner" name="runScenario" time="1.391"/>
  <testcase classname="testrunners.testRunner" name="runScenario" time="2.353"/>
  <testcase classname="testrunners.testRunner" name="runScenario" time="1.615"/>
  <testcase classname="testrunners.testRunner" name="runScenario" time="1.535"/>
  <testcase classname="testrunners.testRunner" name="runScenario" time="1.560"/>
  <testcase classname="testrunners.testRunner" name="runScenario" time="1.437"/>
  <testcase classname="testrunners.testRunner" name="runScenario" time="1.315"/>
  <testcase classname="testrunners.testRunner" name="runScenario" time="1.341"/>
  <testcase classname="testrunners.testRunner" name="runScenario" time="1.240"/>
  <testcase classname="testrunners.testRunner" name="runScenario" time="1.189"/>
  <testcase classname="testrunners.testRunner" name="runScenario" time="2.460"/>
  <testcase classname="testrunners.testRunner" name="runScenario" time="1.480"/>
  <testcase classname="testrunners.testRunner" name="runScenario" time="1.172"/>
  <testcase classname="testrunners.testRunner" name="runScenario" time="1.413"/>
  <testcase classname="testrunners.testRunner" name="runScenario" time="1.807"/>
</testsuite> <!-- testrunners.testRunner -->
